#
# A fatal error has been detected by the Java Runtime Environment:
#
#  SIGSEGV (0xb) at pc=0x00007fdcdb8b14b7, pid=4610, tid=140586152552192
#
# JRE version: Java(TM) SE Runtime Environment (7.0_72-b14) (build 1.7.0_72-b14)
# Java VM: Java HotSpot(TM) 64-Bit Server VM (24.72-b04 mixed mode linux-amd64 compressed oops)
# Problematic frame:
# V  [libjvm.so+0x63f4b7]  jni_GetLongField+0x87
#
# Failed to write core dump. Core dumps have been disabled. To enable core dumping, try "ulimit -c unlimited" before starting Java again
#
# If you would like to submit a bug report, please visit:
#   http://bugreport.sun.com/bugreport/crash.jsp
#

---------------  T H R E A D  ---------------

Current thread (0x00007fdcd41b7000):  JavaThread "AWT-XAWT" daemon [_thread_in_vm, id=4871, stack(0x00007fdcc39ee000,0x00007fdcc3aef000)]

siginfo:si_signo=SIGSEGV: si_errno=0, si_code=1 (SEGV_MAPERR), si_addr=0x0000000000000000

Registers:
RAX=0x00007fdcdc0b09f8, RBX=0x00007fdcd41b7000, RCX=0x00007fdcdcae3320, RDX=0x00007fdcdc0ba5f0
RSP=0x00007fdcc3aed500, RBP=0x00007fdcc3aed530, RSI=0x0000000000000000, RDI=0x00007fdcd41b71e8
R8 =0x00000000000001f4, R9 =0x00000007c1d8aeb8, R10=0x00007fdcd1018c0d, R11=0x00007fdcdbb25b80
R12=0x0000000000000042, R13=0x0000000000000000, R14=0x00007fdcdc0bebe0, R15=0x00007fdcdc0ba600
RIP=0x00007fdcdb8b14b7, EFLAGS=0x0000000000010246, CSGSFS=0x0000000000000033, ERR=0x0000000000000004
  TRAPNO=0x000000000000000e

Top of Stack: (sp=0x00007fdcc3aed500)
0x00007fdcc3aed500:   00007fdcc3aed530 000000074094ae40
0x00007fdcc3aed510:   00007fdcd41b71e8 0000000000000000
0x00007fdcc3aed520:   00007fdcc943cfe0 00007fdcd41b7000
0x00007fdcc3aed530:   00007fdcc3aed560 00007fdcc9207801
0x00007fdcc3aed540:   000000074094ae40 00007fdc4800ec90
0x00007fdcc3aed550:   000000074094ae40 00007fdcc3aed648
0x00007fdcc3aed560:   0000000000000000 00007fdcc8ce6ae8
0x00007fdcc3aed570:   000000074094ae40 00007fdcc3aed5a0
0x00007fdcc3aed580:   0000000000000000 00007fdcc8cde9a3
0x00007fdcc3aed590:   000000074094ae40 00007fdcc91fd68f
0x00007fdcc3aed5a0:   00007fdcc3aed610 00007fdcd1018c39
0x00007fdcc3aed5b0:   00007fdcd10062b3 0000000000000000
0x00007fdcc3aed5c0:   00000007c1d8b160 0000000000000000
0x00007fdcc3aed5d0:   00007fdcc3aed5d0 0000000000000000
0x00007fdcc3aed5e0:   00007fdcc3aed648 0000000740951190
0x00007fdcc3aed5f0:   0000000000000000 000000074094ae40
0x00007fdcc3aed600:   0000000000000000 00007fdcc3aed630
0x00007fdcc3aed610:   00007fdcc3aed690 00007fdcd10063d0
0x00007fdcc3aed620:   00000007c1d8bcd0 00007fdcd1012f20
0x00007fdcc3aed630:   0000000000000000 00007fdcc3aed690
0x00007fdcc3aed640:   00007fdc58003250 00000007c1fd9b78
0x00007fdcc3aed650:   00007fdcc3aed650 00000007408ed8c4
0x00007fdcc3aed660:   00007fdcc3aed6d8 000000074090b248
0x00007fdcc3aed670:   0000000740aada10 00000007408ed9f8
0x00007fdcc3aed680:   00007fdcc3aed630 00007fdcc3aed6d0
0x00007fdcc3aed690:   00007fdcc3aed720 00007fdcd10060d8
0x00007fdcc3aed6a0:   0000000000000000 00000007c2c4ca48
0x00007fdcc3aed6b0:   0000000000000000 0000000000000000
0x00007fdcc3aed6c0:   0000000000000000 00000007c1fd9b78
0x00007fdcc3aed6d0:   0000000000000000 00000007c1db6730
0x00007fdcc3aed6e0:   00007fdcc3aed6e0 00000007408ed6cd
0x00007fdcc3aed6f0:   00007fdcc3aed730 000000074090b248 

Instructions: (pc=0x00007fdcdb8b14b7)
0x00007fdcdb8b1497:   00 8b 43 30 a9 00 00 00 30 0f 85 ba 00 00 00 48
0x00007fdcdb8b14a7:   8b 05 1b 9e 7c 00 c7 83 60 02 00 00 06 00 00 00
0x00007fdcdb8b14b7:   49 8b 55 00 80 38 00 0f 84 ac 00 00 00 48 8b 05
0x00007fdcdb8b14c7:   ed 6f 7c 00 8b 72 08 8b 48 08 48 d3 e6 48 03 30 

Register to memory mapping:

RAX=0x00007fdcdc0b09f8: <offset 0xe3e9f8> in /usr/lib/jvm/java-7-oracle/jre/lib/amd64/server/libjvm.so at 0x00007fdcdb272000
RBX=0x00007fdcd41b7000 is a thread
RCX=0x00007fdcdcae3320: <offset 0x219320> in /lib/x86_64-linux-gnu/libpthread.so.0 at 0x00007fdcdc8ca000
RDX=0x00007fdcdc0ba5f0: <offset 0xe485f0> in /usr/lib/jvm/java-7-oracle/jre/lib/amd64/server/libjvm.so at 0x00007fdcdb272000
RSP=0x00007fdcc3aed500 is pointing into the stack for thread: 0x00007fdcd41b7000
RBP=0x00007fdcc3aed530 is pointing into the stack for thread: 0x00007fdcd41b7000
RSI=0x0000000000000000 is an unknown value
RDI=0x00007fdcd41b71e8 is an unknown value
R8 =0x00000000000001f4 is an unknown value
R9 =0x00000007c1d8aeb8 is an oop
sun.util.logging.PlatformLogger$DefaultLoggerProxy 
 - klass: 'sun/util/logging/PlatformLogger$DefaultLoggerProxy'
R10=0x00007fdcd1018c0d is at code_begin+1197 in an Interpreter codelet
method entry point (kind = native)  [0x00007fdcd1018760, 0x00007fdcd1019560]  3584 bytes
R11=0x00007fdcdbb25b80: <offset 0x8b3b80> in /usr/lib/jvm/java-7-oracle/jre/lib/amd64/server/libjvm.so at 0x00007fdcdb272000
R12=0x0000000000000042 is an unknown value
R13=0x0000000000000000 is an unknown value
R14=0x00007fdcdc0bebe0: <offset 0xe4cbe0> in /usr/lib/jvm/java-7-oracle/jre/lib/amd64/server/libjvm.so at 0x00007fdcdb272000
R15=0x00007fdcdc0ba600: <offset 0xe48600> in /usr/lib/jvm/java-7-oracle/jre/lib/amd64/server/libjvm.so at 0x00007fdcdb272000


Stack: [0x00007fdcc39ee000,0x00007fdcc3aef000],  sp=0x00007fdcc3aed500,  free space=1021k
Native frames: (J=compiled Java code, j=interpreted, Vv=VM code, C=native code)
V  [libjvm.so+0x63f4b7]  jni_GetLongField+0x87
C  [libmawt.so+0x1e801]  getX11InputMethodData+0x31

Java frames: (J=compiled Java code, j=interpreted, Vv=VM code)
j  sun.awt.X11.XlibWrapper.XFilterEvent(JJ)Z+0
j  sun.awt.X11.XToolkit.run(Z)V+300
j  sun.awt.X11.XToolkit.run()V+5
j  java.lang.Thread.run()V+11
v  ~StubRoutines::call_stub

---------------  P R O C E S S  ---------------

Java Threads: ( => current thread )
  0x00007fdc5c003800 JavaThread "main" [_thread_blocked, id=6659, stack(0x00007fdcc36eb000,0x00007fdcc37ec000)]
  0x00007fdcd4011000 JavaThread "DestroyJavaVM" [_thread_blocked, id=4613, stack(0x00007fdcdcbe6000,0x00007fdcdcce7000)]
  0x00007fdcd41ba000 JavaThread "BlueJ worker thread" [_thread_blocked, id=4880, stack(0x00007fdcc37ec000,0x00007fdcc38ed000)]
=>0x00007fdcd41b7000 JavaThread "AWT-XAWT" daemon [_thread_in_vm, id=4871, stack(0x00007fdcc39ee000,0x00007fdcc3aef000)]
  0x00007fdcd4178000 JavaThread "Java2D Disposer" daemon [_thread_blocked, id=4839, stack(0x00007fdcc3eff000,0x00007fdcc4000000)]
  0x00007fdcd40b7800 JavaThread "Service Thread" daemon [_thread_blocked, id=4638, stack(0x00007fdcc9811000,0x00007fdcc9912000)]
  0x00007fdcd40b5800 JavaThread "C2 CompilerThread1" daemon [_thread_blocked, id=4636, stack(0x00007fdcc9912000,0x00007fdcc9a13000)]
  0x00007fdcd40b2800 JavaThread "C2 CompilerThread0" daemon [_thread_blocked, id=4635, stack(0x00007fdcc9a13000,0x00007fdcc9b14000)]
  0x00007fdc78001000 JavaThread "JDWP Command Reader" daemon [_thread_in_native, id=4630, stack(0x00007fdcc9b14000,0x00007fdcc9c15000)]
  0x00007fdcd40b0000 JavaThread "JDWP Event Helper Thread" daemon [_thread_blocked, id=4628, stack(0x00007fdcc9c15000,0x00007fdcc9d16000)]
  0x00007fdcd40ac800 JavaThread "JDWP Transport Listener: dt_socket" daemon [_thread_blocked, id=4626, stack(0x00007fdcc9d16000,0x00007fdcc9e17000)]
  0x00007fdcd409f800 JavaThread "Signal Dispatcher" daemon [_thread_blocked, id=4625, stack(0x00007fdcca01b000,0x00007fdcca11c000)]
  0x00007fdcd4080000 JavaThread "Finalizer" daemon [_thread_blocked, id=4624, stack(0x00007fdcca11c000,0x00007fdcca21d000)]
  0x00007fdcd407e000 JavaThread "Reference Handler" daemon [_thread_blocked, id=4623, stack(0x00007fdcca21d000,0x00007fdcca31e000)]

Other Threads:
  0x00007fdcd4079800 VMThread [stack: 0x00007fdcca31e000,0x00007fdcca41f000] [id=4622]
  0x00007fdcd40ca800 WatcherThread [stack: 0x00007fdcc9710000,0x00007fdcc9811000] [id=4640]

VM state:not at safepoint (normal execution)

VM Mutex/Monitor currently owned by a thread: None

Heap
 PSYoungGen      total 56320K, used 25295K [0x00000007c1d00000, 0x00000007c5b80000, 0x0000000800000000)
  eden space 48640K, 52% used [0x00000007c1d00000,0x00000007c35b3d38,0x00000007c4c80000)
  from space 7680K, 0% used [0x00000007c5400000,0x00000007c5400000,0x00000007c5b80000)
  to   space 7680K, 0% used [0x00000007c4c80000,0x00000007c4c80000,0x00000007c5400000)
 ParOldGen       total 126976K, used 0K [0x0000000745800000, 0x000000074d400000, 0x00000007c1d00000)
  object space 126976K, 0% used [0x0000000745800000,0x0000000745800000,0x000000074d400000)
 PSPermGen       total 21504K, used 9669K [0x0000000740600000, 0x0000000741b00000, 0x0000000745800000)
  object space 21504K, 44% used [0x0000000740600000,0x0000000740f714b0,0x0000000741b00000)

Card table byte_map: [0x00007fdcd85cb000,0x00007fdcd8bc9000] byte_map_base: 0x00007fdcd4bc8000

Polling page: 0x00007fdcdcd07000

Code Cache  [0x00007fdcd1000000, 0x00007fdcd1270000, 0x00007fdcd4000000)
 total_blobs=471 nmethods=50 adapters=382 free_code_cache=48545Kb largest_free_block=49690496

Compilation events (10 events):
Event: 2393,971 Thread 0x00007fdcd40b5800   45             presentacion.FotoAutomata::paintComponent (318 bytes)
Event: 2393,972 Thread 0x00007fdcd40b2800   46             java.util.HashMap::hash (55 bytes)
Event: 2393,976 Thread 0x00007fdcd40b2800 nmethod 46 0x00007fdcd1099210 code [0x00007fdcd1099360, 0x00007fdcd10994e8]
Event: 2393,985 Thread 0x00007fdcd40b5800 nmethod 45 0x00007fdcd1096d50 code [0x00007fdcd1097020, 0x00007fdcd1098050]
Event: 2404,895 Thread 0x00007fdcd40b2800   47             java.util.concurrent.locks.ReentrantLock$Sync::nonfairTryAcquire (67 bytes)
Event: 2404,895 Thread 0x00007fdcd40b2800 nmethod 47 0x00007fdcd108ffd0 code [0x00007fdcd1090100, 0x00007fdcd10901f8]
Event: 3626,111 Thread 0x00007fdcd40b5800   49             sun.awt.X11.Native::getInt (8 bytes)
Event: 3626,112 Thread 0x00007fdcd40b5800 nmethod 49 0x00007fdcd1095090 code [0x00007fdcd10951e0, 0x00007fdcd1095278]
Event: 4237,104 Thread 0x00007fdcd40b2800   50             java.util.HashMap::getEntry (86 bytes)
Event: 4237,113 Thread 0x00007fdcd40b2800 nmethod 50 0x00007fdcd1091390 code [0x00007fdcd1091500, 0x00007fdcd1091748]

GC Heap History (0 events):
No events

Deoptimization events (4 events):
Event: 1702,393 Thread 0x00007fdc58009000 Uncommon trap: reason=class_check action=maybe_recompile pc=0x00007fdcd107f6dc method=java.util.Properties$LineReader.readLine()I @ 62
Event: 1702,393 Thread 0x00007fdc58009000 Uncommon trap: reason=class_check action=maybe_recompile pc=0x00007fdcd107f6dc method=java.util.Properties$LineReader.readLine()I @ 62
Event: 1702,393 Thread 0x00007fdc58009000 Uncommon trap: reason=class_check action=maybe_recompile pc=0x00007fdcd107f6dc method=java.util.Properties$LineReader.readLine()I @ 62
Event: 1702,393 Thread 0x00007fdc58009000 Uncommon trap: reason=class_check action=maybe_recompile pc=0x00007fdcd107f6dc method=java.util.Properties$LineReader.readLine()I @ 62

Internal exceptions (10 events):
Event: 4439,605 Thread 0x00007fdc5c003800 Threw 0x00000007c31e72d8 at /HUDSON/workspace/7u-2-build-linux-amd64/jdk7u72/1606/hotspot/src/share/vm/prims/jvm.cpp:1281
Event: 4439,605 Thread 0x00007fdc5c003800 Threw 0x00000007c31e77a0 at /HUDSON/workspace/7u-2-build-linux-amd64/jdk7u72/1606/hotspot/src/share/vm/prims/jvm.cpp:1281
Event: 4439,606 Thread 0x00007fdc5c003800 Threw 0x00000007c31e9688 at /HUDSON/workspace/7u-2-build-linux-amd64/jdk7u72/1606/hotspot/src/share/vm/prims/jvm.cpp:1281
Event: 4439,606 Thread 0x00007fdc5c003800 Threw 0x00000007c31e9b68 at /HUDSON/workspace/7u-2-build-linux-amd64/jdk7u72/1606/hotspot/src/share/vm/prims/jvm.cpp:1281
Event: 4448,900 Thread 0x00007fdc5403e000 Threw 0x00000007c32da718 at /HUDSON/workspace/7u-2-build-linux-amd64/jdk7u72/1606/hotspot/src/share/vm/prims/jvm.cpp:1281
Event: 4448,900 Thread 0x00007fdc5403e000 Threw 0x00000007c32dabe0 at /HUDSON/workspace/7u-2-build-linux-amd64/jdk7u72/1606/hotspot/src/share/vm/prims/jvm.cpp:1281
Event: 4449,731 Thread 0x00007fdc5c003800 Threw 0x00000007c33cd9b0 at /HUDSON/workspace/7u-2-build-linux-amd64/jdk7u72/1606/hotspot/src/share/vm/prims/jvm.cpp:1281
Event: 4449,731 Thread 0x00007fdc5c003800 Threw 0x00000007c33cde78 at /HUDSON/workspace/7u-2-build-linux-amd64/jdk7u72/1606/hotspot/src/share/vm/prims/jvm.cpp:1281
Event: 4450,500 Thread 0x00007fdc5403e000 Threw 0x00000007c34c0d48 at /HUDSON/workspace/7u-2-build-linux-amd64/jdk7u72/1606/hotspot/src/share/vm/prims/jvm.cpp:1281
Event: 4450,500 Thread 0x00007fdc5403e000 Threw 0x00000007c34c1210 at /HUDSON/workspace/7u-2-build-linux-amd64/jdk7u72/1606/hotspot/src/share/vm/prims/jvm.cpp:1281

Events (10 events):
Event: 4449,731 Thread 0x00007fdc5403e000 Thread added: 0x00007fdc5403e000
Event: 4449,731 Executing VM operation: RevokeBias
Event: 4449,731 Executing VM operation: RevokeBias done
Event: 4449,731 Thread 0x00007fdc5c003800 Thread exited: 0x00007fdc5c003800
Event: 4450,500 loading class 0x00007fdc5c004f30
Event: 4450,500 loading class 0x00007fdc5c004f30 done
Event: 4450,500 Thread 0x00007fdc5c003800 Thread added: 0x00007fdc5c003800
Event: 4450,500 Executing VM operation: RevokeBias
Event: 4450,500 Executing VM operation: RevokeBias done
Event: 4450,500 Thread 0x00007fdc5403e000 Thread exited: 0x00007fdc5403e000


Dynamic libraries:
00400000-00401000 r-xp 00000000 08:05 291200                             /usr/lib/jvm/java-7-oracle/jre/bin/java
00600000-00601000 rw-p 00000000 08:05 291200                             /usr/lib/jvm/java-7-oracle/jre/bin/java
01258000-01279000 rw-p 00000000 00:00 0                                  [heap]
740600000-741b00000 rw-p 00000000 00:00 0 
741b00000-745800000 rw-p 00000000 00:00 0 
745800000-74d400000 rw-p 00000000 00:00 0 
74d400000-7c1d00000 rw-p 00000000 00:00 0 
7c1d00000-7c5b80000 rw-p 00000000 00:00 0 
7c5b80000-800000000 rw-p 00000000 00:00 0 
7fdc48000000-7fdc48029000 rw-p 00000000 00:00 0 
7fdc48029000-7fdc4c000000 ---p 00000000 00:00 0 
7fdc4c000000-7fdc4c021000 rw-p 00000000 00:00 0 
7fdc4c021000-7fdc50000000 ---p 00000000 00:00 0 
7fdc50000000-7fdc50021000 rw-p 00000000 00:00 0 
7fdc50021000-7fdc54000000 ---p 00000000 00:00 0 
7fdc54000000-7fdc5410d000 rw-p 00000000 00:00 0 
7fdc5410d000-7fdc58000000 ---p 00000000 00:00 0 
7fdc58000000-7fdc58033000 rw-p 00000000 00:00 0 
7fdc58033000-7fdc5c000000 ---p 00000000 00:00 0 
7fdc5c000000-7fdc5c021000 rw-p 00000000 00:00 0 
7fdc5c021000-7fdc60000000 ---p 00000000 00:00 0 
7fdc60000000-7fdc60021000 rw-p 00000000 00:00 0 
7fdc60021000-7fdc64000000 ---p 00000000 00:00 0 
7fdc64000000-7fdc64021000 rw-p 00000000 00:00 0 
7fdc64021000-7fdc68000000 ---p 00000000 00:00 0 
7fdc68000000-7fdc681fd000 rw-p 00000000 00:00 0 
7fdc681fd000-7fdc6c000000 ---p 00000000 00:00 0 
7fdc6c000000-7fdc6c021000 rw-p 00000000 00:00 0 
7fdc6c021000-7fdc70000000 ---p 00000000 00:00 0 
7fdc70000000-7fdc70021000 rw-p 00000000 00:00 0 
7fdc70021000-7fdc74000000 ---p 00000000 00:00 0 
7fdc74000000-7fdc74251000 rw-p 00000000 00:00 0 
7fdc74251000-7fdc78000000 ---p 00000000 00:00 0 
7fdc78000000-7fdc78021000 rw-p 00000000 00:00 0 
7fdc78021000-7fdc7c000000 ---p 00000000 00:00 0 
7fdc7c000000-7fdc7c023000 rw-p 00000000 00:00 0 
7fdc7c023000-7fdc80000000 ---p 00000000 00:00 0 
7fdc80000000-7fdc80021000 rw-p 00000000 00:00 0 
7fdc80021000-7fdc84000000 ---p 00000000 00:00 0 
7fdc84000000-7fdc84021000 rw-p 00000000 00:00 0 
7fdc84021000-7fdc88000000 ---p 00000000 00:00 0 
7fdc88000000-7fdc88021000 rw-p 00000000 00:00 0 
7fdc88021000-7fdc8c000000 ---p 00000000 00:00 0 
7fdc8e030000-7fdc94000000 rw-p 00000000 00:00 0 
7fdc94000000-7fdc94021000 rw-p 00000000 00:00 0 
7fdc94021000-7fdc98000000 ---p 00000000 00:00 0 
7fdc98000000-7fdc98021000 rw-p 00000000 00:00 0 
7fdc98021000-7fdc9c000000 ---p 00000000 00:00 0 
7fdc9c000000-7fdc9c021000 rw-p 00000000 00:00 0 
7fdc9c021000-7fdca0000000 ---p 00000000 00:00 0 
7fdca4000000-7fdca4021000 rw-p 00000000 00:00 0 
7fdca4021000-7fdca8000000 ---p 00000000 00:00 0 
7fdcac000000-7fdcac021000 rw-p 00000000 00:00 0 
7fdcac021000-7fdcb0000000 ---p 00000000 00:00 0 
7fdcb4000000-7fdcb4021000 rw-p 00000000 00:00 0 
7fdcb4021000-7fdcb8000000 ---p 00000000 00:00 0 
7fdcbc000000-7fdcbc021000 rw-p 00000000 00:00 0 
7fdcbc021000-7fdcc0000000 ---p 00000000 00:00 0 
7fdcc246a000-7fdcc26b1000 rw-p 00000000 00:00 0 
7fdcc26b1000-7fdcc26bf000 r--s 00000000 08:05 2236392                    /var/cache/fontconfig/6aa41aa22e18b8fa06a12da28ea9c28b-le64.cache-4
7fdcc26bf000-7fdcc26c0000 r--s 00000000 08:05 65510                      /var/cache/fontconfig/c05880de57d1f5e948fdfacc138775d9-le64.cache-4
7fdcc26c0000-7fdcc26cb000 r--s 00000000 08:05 63632                      /var/cache/fontconfig/945677eb7aeaf62f1d50efc3fb3ec7d8-le64.cache-4
7fdcc26cb000-7fdcc26cd000 r--s 00000000 08:05 65499                      /var/cache/fontconfig/99e8ed0e538f840c565b6ed5dad60d56-le64.cache-4
7fdcc26cd000-7fdcc26d3000 r--s 00000000 08:05 65488                      /var/cache/fontconfig/2cd17615ca594fa2959ae173292e504c-le64.cache-4
7fdcc26d3000-7fdcc26d4000 r--s 00000000 08:05 65485                      /var/cache/fontconfig/e7071f4a29fa870f4323321c154eba04-le64.cache-4
7fdcc26d4000-7fdcc26d5000 r--s 00000000 08:05 65482                      /var/cache/fontconfig/0d8c3b2ac0904cb8a57a757ad11a4a08-le64.cache-4
7fdcc26d5000-7fdcc26dc000 r--s 00000000 08:05 65480                      /var/cache/fontconfig/a755afe4a08bf5b97852ceb7400b47bc-le64.cache-4
7fdcc26dc000-7fdcc26e0000 r--s 00000000 08:05 65465                      /var/cache/fontconfig/6d41288fd70b0be22e8c3a91e032eec0-le64.cache-4
7fdcc26e0000-7fdcc26f4000 r--s 00000000 08:05 65446                      /var/cache/fontconfig/04aabc0a78ac019cf9454389977116d2-le64.cache-4
7fdcc26f4000-7fdcc2715000 r--s 00000000 08:05 2236390                    /var/cache/fontconfig/e13b20fdb08344e0e664864cc2ede53d-le64.cache-4
7fdcc2779000-7fdcc277b000 rw-p 00000000 00:00 0 
7fdcc277b000-7fdcc2783000 r-xp 00000000 08:05 342888                     /usr/lib/jvm/java-7-oracle/jre/lib/amd64/libmanagement.so
7fdcc2783000-7fdcc2982000 ---p 00008000 08:05 342888                     /usr/lib/jvm/java-7-oracle/jre/lib/amd64/libmanagement.so
7fdcc2982000-7fdcc2983000 rw-p 00007000 08:05 342888                     /usr/lib/jvm/java-7-oracle/jre/lib/amd64/libmanagement.so
7fdcc2983000-7fdcc2986000 ---p 00000000 00:00 0 
7fdcc2986000-7fdcc2a84000 rw-p 00000000 00:00 0 
7fdcc2a84000-7fdcc2a87000 ---p 00000000 00:00 0 
7fdcc2a87000-7fdcc2b85000 rw-p 00000000 00:00 0 
7fdcc2b85000-7fdcc2bee000 r-xp 00000000 08:05 342909                     /usr/lib/jvm/java-7-oracle/jre/lib/amd64/libt2k.so
7fdcc2bee000-7fdcc2ded000 ---p 00069000 08:05 342909                     /usr/lib/jvm/java-7-oracle/jre/lib/amd64/libt2k.so
7fdcc2ded000-7fdcc2df4000 rw-p 00068000 08:05 342909                     /usr/lib/jvm/java-7-oracle/jre/lib/amd64/libt2k.so
7fdcc2df4000-7fdcc2e04000 rw-p 00000000 00:00 0 
7fdcc2e04000-7fdcc2e14000 r-xp 00000000 08:05 342937                     /usr/lib/jvm/java-7-oracle/jre/lib/amd64/libnio.so
7fdcc2e14000-7fdcc3014000 ---p 00010000 08:05 342937                     /usr/lib/jvm/java-7-oracle/jre/lib/amd64/libnio.so
7fdcc3014000-7fdcc3015000 rw-p 00010000 08:05 342937                     /usr/lib/jvm/java-7-oracle/jre/lib/amd64/libnio.so
7fdcc3015000-7fdcc3046000 rw-p 00000000 00:00 0 
7fdcc3046000-7fdcc305c000 r-xp 00000000 08:05 342893                     /usr/lib/jvm/java-7-oracle/jre/lib/amd64/libnet.so
7fdcc305c000-7fdcc325c000 ---p 00016000 08:05 342893                     /usr/lib/jvm/java-7-oracle/jre/lib/amd64/libnet.so
7fdcc325c000-7fdcc325d000 rw-p 00016000 08:05 342893                     /usr/lib/jvm/java-7-oracle/jre/lib/amd64/libnet.so
7fdcc325d000-7fdcc3273000 r-xp 00000000 08:05 83279                      /lib/x86_64-linux-gnu/libgcc_s.so.1
7fdcc3273000-7fdcc3472000 ---p 00016000 08:05 83279                      /lib/x86_64-linux-gnu/libgcc_s.so.1
7fdcc3472000-7fdcc3473000 rw-p 00015000 08:05 83279                      /lib/x86_64-linux-gnu/libgcc_s.so.1
7fdcc3473000-7fdcc34d7000 r-xp 00000000 08:05 342926                     /usr/lib/jvm/java-7-oracle/jre/lib/amd64/libfontmanager.so
7fdcc34d7000-7fdcc36d6000 ---p 00064000 08:05 342926                     /usr/lib/jvm/java-7-oracle/jre/lib/amd64/libfontmanager.so
7fdcc36d6000-7fdcc36db000 rw-p 00063000 08:05 342926                     /usr/lib/jvm/java-7-oracle/jre/lib/amd64/libfontmanager.so
7fdcc36db000-7fdcc36eb000 rw-p 00000000 00:00 0 
7fdcc36eb000-7fdcc36ee000 ---p 00000000 00:00 0 
7fdcc36ee000-7fdcc37ec000 rw-p 00000000 00:00 0                          [stack:6659]
7fdcc37ec000-7fdcc37ef000 ---p 00000000 00:00 0 
7fdcc37ef000-7fdcc38ed000 rw-p 00000000 00:00 0                          [stack:4880]
7fdcc38ed000-7fdcc38f0000 ---p 00000000 00:00 0 
7fdcc38f0000-7fdcc39ee000 rw-p 00000000 00:00 0 
7fdcc39ee000-7fdcc39f1000 ---p 00000000 00:00 0 
7fdcc39f1000-7fdcc3aef000 rw-p 00000000 00:00 0                          [stack:4871]
7fdcc3aef000-7fdcc3af4000 r-xp 00000000 08:05 106635                     /usr/lib/x86_64-linux-gnu/libXfixes.so.3.1.0
7fdcc3af4000-7fdcc3cf3000 ---p 00005000 08:05 106635                     /usr/lib/x86_64-linux-gnu/libXfixes.so.3.1.0
7fdcc3cf3000-7fdcc3cf4000 r--p 00004000 08:05 106635                     /usr/lib/x86_64-linux-gnu/libXfixes.so.3.1.0
7fdcc3cf4000-7fdcc3cf5000 rw-p 00005000 08:05 106635                     /usr/lib/x86_64-linux-gnu/libXfixes.so.3.1.0
7fdcc3cf5000-7fdcc3cfe000 r-xp 00000000 08:05 106627                     /usr/lib/x86_64-linux-gnu/libXcursor.so.1.0.2
7fdcc3cfe000-7fdcc3efd000 ---p 00009000 08:05 106627                     /usr/lib/x86_64-linux-gnu/libXcursor.so.1.0.2
7fdcc3efd000-7fdcc3efe000 r--p 00008000 08:05 106627                     /usr/lib/x86_64-linux-gnu/libXcursor.so.1.0.2
7fdcc3efe000-7fdcc3eff000 rw-p 00009000 08:05 106627                     /usr/lib/x86_64-linux-gnu/libXcursor.so.1.0.2
7fdcc3eff000-7fdcc3f02000 ---p 00000000 00:00 0 
7fdcc3f02000-7fdcc4000000 rw-p 00000000 00:00 0                          [stack:4839]
7fdcc4000000-7fdcc4021000 rw-p 00000000 00:00 0 
7fdcc4021000-7fdcc8000000 ---p 00000000 00:00 0 
7fdcc8000000-7fdcc8004000 r--s 00000000 08:05 65464                      /var/cache/fontconfig/de156ccd2eddbdc19d37a45b8b2aac9c-le64.cache-4
7fdcc8004000-7fdcc8005000 r--s 00000000 08:05 65445                      /var/cache/fontconfig/1ac9eb803944fde146138c791f5cc56a-le64.cache-4
7fdcc8005000-7fdcc8009000 r--s 00000000 08:05 65434                      /var/cache/fontconfig/385c0604a188198f04d133e54aba7fe7-le64.cache-4
7fdcc8009000-7fdcc800b000 r--s 00000000 08:05 65430                      /var/cache/fontconfig/767a8244fc0220cfb567a839d0392e0b-le64.cache-4
7fdcc800b000-7fdcc801e000 r--s 00000000 08:05 65367                      /var/cache/fontconfig/d52a8644073d54c13679302ca1180695-le64.cache-4
7fdcc801e000-7fdcc803c000 r--s 00000000 08:05 57721                      /var/cache/fontconfig/467c019e582ee353435ea5c21d137ef6-le64.cache-4
7fdcc803c000-7fdcc8041000 r-xp 00000000 08:05 106631                     /usr/lib/x86_64-linux-gnu/libXdmcp.so.6.0.0
7fdcc8041000-7fdcc8240000 ---p 00005000 08:05 106631                     /usr/lib/x86_64-linux-gnu/libXdmcp.so.6.0.0
7fdcc8240000-7fdcc8241000 r--p 00004000 08:05 106631                     /usr/lib/x86_64-linux-gnu/libXdmcp.so.6.0.0
7fdcc8241000-7fdcc8242000 rw-p 00005000 08:05 106631                     /usr/lib/x86_64-linux-gnu/libXdmcp.so.6.0.0
7fdcc8242000-7fdcc8244000 r-xp 00000000 08:05 106620                     /usr/lib/x86_64-linux-gnu/libXau.so.6.0.0
7fdcc8244000-7fdcc8444000 ---p 00002000 08:05 106620                     /usr/lib/x86_64-linux-gnu/libXau.so.6.0.0
7fdcc8444000-7fdcc8445000 r--p 00002000 08:05 106620                     /usr/lib/x86_64-linux-gnu/libXau.so.6.0.0
7fdcc8445000-7fdcc8446000 rw-p 00003000 08:05 106620                     /usr/lib/x86_64-linux-gnu/libXau.so.6.0.0
7fdcc8446000-7fdcc8463000 r-xp 00000000 08:05 105499                     /usr/lib/x86_64-linux-gnu/libxcb.so.1.1.0
7fdcc8463000-7fdcc8663000 ---p 0001d000 08:05 105499                     /usr/lib/x86_64-linux-gnu/libxcb.so.1.1.0
7fdcc8663000-7fdcc8664000 r--p 0001d000 08:05 105499                     /usr/lib/x86_64-linux-gnu/libxcb.so.1.1.0
7fdcc8664000-7fdcc8665000 rw-p 0001e000 08:05 105499                     /usr/lib/x86_64-linux-gnu/libxcb.so.1.1.0
7fdcc8665000-7fdcc8674000 r-xp 00000000 08:05 106641                     /usr/lib/x86_64-linux-gnu/libXi.so.6.1.0
7fdcc8674000-7fdcc8873000 ---p 0000f000 08:05 106641                     /usr/lib/x86_64-linux-gnu/libXi.so.6.1.0
7fdcc8873000-7fdcc8874000 r--p 0000e000 08:05 106641                     /usr/lib/x86_64-linux-gnu/libXi.so.6.1.0
7fdcc8874000-7fdcc8875000 rw-p 0000f000 08:05 106641                     /usr/lib/x86_64-linux-gnu/libXi.so.6.1.0
7fdcc8875000-7fdcc887a000 r-xp 00000000 08:05 106661                     /usr/lib/x86_64-linux-gnu/libXtst.so.6.1.0
7fdcc887a000-7fdcc8a79000 ---p 00005000 08:05 106661                     /usr/lib/x86_64-linux-gnu/libXtst.so.6.1.0
7fdcc8a79000-7fdcc8a7a000 r--p 00004000 08:05 106661                     /usr/lib/x86_64-linux-gnu/libXtst.so.6.1.0
7fdcc8a7a000-7fdcc8a7b000 rw-p 00005000 08:05 106661                     /usr/lib/x86_64-linux-gnu/libXtst.so.6.1.0
7fdcc8a7b000-7fdcc8a84000 r-xp 00000000 08:05 106655                     /usr/lib/x86_64-linux-gnu/libXrender.so.1.3.0
7fdcc8a84000-7fdcc8c83000 ---p 00009000 08:05 106655                     /usr/lib/x86_64-linux-gnu/libXrender.so.1.3.0
7fdcc8c83000-7fdcc8c84000 r--p 00008000 08:05 106655                     /usr/lib/x86_64-linux-gnu/libXrender.so.1.3.0
7fdcc8c84000-7fdcc8c85000 rw-p 00009000 08:05 106655                     /usr/lib/x86_64-linux-gnu/libXrender.so.1.3.0
7fdcc8c85000-7fdcc8db5000 r-xp 00000000 08:05 105514                     /usr/lib/x86_64-linux-gnu/libX11.so.6.3.0
7fdcc8db5000-7fdcc8fb5000 ---p 00130000 08:05 105514                     /usr/lib/x86_64-linux-gnu/libX11.so.6.3.0
7fdcc8fb5000-7fdcc8fb6000 r--p 00130000 08:05 105514                     /usr/lib/x86_64-linux-gnu/libX11.so.6.3.0
7fdcc8fb6000-7fdcc8fba000 rw-p 00131000 08:05 105514                     /usr/lib/x86_64-linux-gnu/libX11.so.6.3.0
7fdcc8fba000-7fdcc8fcb000 r-xp 00000000 08:05 106633                     /usr/lib/x86_64-linux-gnu/libXext.so.6.4.0
7fdcc8fcb000-7fdcc91ca000 ---p 00011000 08:05 106633                     /usr/lib/x86_64-linux-gnu/libXext.so.6.4.0
7fdcc91ca000-7fdcc91cb000 r--p 00010000 08:05 106633                     /usr/lib/x86_64-linux-gnu/libXext.so.6.4.0
7fdcc91cb000-7fdcc91cc000 rw-p 00011000 08:05 106633                     /usr/lib/x86_64-linux-gnu/libXext.so.6.4.0
7fdcc91cc000-7fdcc91d1000 r--s 00000000 08:05 65412                      /var/cache/fontconfig/8801497958630a81b71ace7c5f9b32a8-le64.cache-4
7fdcc91d1000-7fdcc91d5000 r--s 00000000 08:05 65410                      /var/cache/fontconfig/c57959a16110560c8d0fcea73374aeeb-le64.cache-4
7fdcc91d5000-7fdcc91de000 r--s 00000000 08:05 65362                      /var/cache/fontconfig/3f7329c5293ffd510edef78f73874cfd-le64.cache-4
7fdcc91de000-7fdcc91e9000 r--s 00000000 08:05 65354                      /var/cache/fontconfig/d589a48862398ed80a3d6066f4f56f4c-le64.cache-4
7fdcc91e9000-7fdcc9239000 r-xp 00000000 08:05 342891                     /usr/lib/jvm/java-7-oracle/jre/lib/amd64/xawt/libmawt.so
7fdcc9239000-7fdcc9439000 ---p 00050000 08:05 342891                     /usr/lib/jvm/java-7-oracle/jre/lib/amd64/xawt/libmawt.so
7fdcc9439000-7fdcc943d000 rw-p 00050000 08:05 342891                     /usr/lib/jvm/java-7-oracle/jre/lib/amd64/xawt/libmawt.so
7fdcc943d000-7fdcc943e000 rw-p 00000000 00:00 0 
7fdcc943e000-7fdcc94e0000 r-xp 00000000 08:05 342906                     /usr/lib/jvm/java-7-oracle/jre/lib/amd64/libawt.so
7fdcc94e0000-7fdcc96e0000 ---p 000a2000 08:05 342906                     /usr/lib/jvm/java-7-oracle/jre/lib/amd64/libawt.so
7fdcc96e0000-7fdcc96ec000 rw-p 000a2000 08:05 342906                     /usr/lib/jvm/java-7-oracle/jre/lib/amd64/libawt.so
7fdcc96ec000-7fdcc9710000 rw-p 00000000 00:00 0 
7fdcc9710000-7fdcc9711000 ---p 00000000 00:00 0 
7fdcc9711000-7fdcc9811000 rw-p 00000000 00:00 0                          [stack:4640]
7fdcc9811000-7fdcc9814000 ---p 00000000 00:00 0 
7fdcc9814000-7fdcc9912000 rw-p 00000000 00:00 0                          [stack:4638]
7fdcc9912000-7fdcc9915000 ---p 00000000 00:00 0 
7fdcc9915000-7fdcc9a13000 rw-p 00000000 00:00 0                          [stack:4636]
7fdcc9a13000-7fdcc9a16000 ---p 00000000 00:00 0 
7fdcc9a16000-7fdcc9b14000 rw-p 00000000 00:00 0                          [stack:4635]
7fdcc9b14000-7fdcc9b17000 ---p 00000000 00:00 0 
7fdcc9b17000-7fdcc9c15000 rw-p 00000000 00:00 0                          [stack:4630]
7fdcc9c15000-7fdcc9c18000 ---p 00000000 00:00 0 
7fdcc9c18000-7fdcc9d16000 rw-p 00000000 00:00 0                          [stack:4628]
7fdcc9d16000-7fdcc9d19000 ---p 00000000 00:00 0 
7fdcc9d19000-7fdcc9e17000 rw-p 00000000 00:00 0                          [stack:4626]
7fdcc9e17000-7fdcc9e1b000 r-xp 00000000 08:05 342907                     /usr/lib/jvm/java-7-oracle/jre/lib/amd64/libdt_socket.so
7fdcc9e1b000-7fdcca01a000 ---p 00004000 08:05 342907                     /usr/lib/jvm/java-7-oracle/jre/lib/amd64/libdt_socket.so
7fdcca01a000-7fdcca01b000 rw-p 00003000 08:05 342907                     /usr/lib/jvm/java-7-oracle/jre/lib/amd64/libdt_socket.so
7fdcca01b000-7fdcca01e000 ---p 00000000 00:00 0 
7fdcca01e000-7fdcca11c000 rw-p 00000000 00:00 0                          [stack:4625]
7fdcca11c000-7fdcca11f000 ---p 00000000 00:00 0 
7fdcca11f000-7fdcca21d000 rw-p 00000000 00:00 0                          [stack:4624]
7fdcca21d000-7fdcca220000 ---p 00000000 00:00 0 
7fdcca220000-7fdcca31e000 rw-p 00000000 00:00 0                          [stack:4623]
7fdcca31e000-7fdcca31f000 ---p 00000000 00:00 0 
7fdcca31f000-7fdccc000000 rw-p 00000000 00:00 0                          [stack:4622]
7fdccc000000-7fdccc021000 rw-p 00000000 00:00 0 
7fdccc021000-7fdcd0000000 ---p 00000000 00:00 0 
7fdcd0000000-7fdcd0001000 r--s 00000000 08:05 65433                      /var/cache/fontconfig/dc05db6664285cc2f12bf69c139ae4c3-le64.cache-4
7fdcd0001000-7fdcd0008000 r--s 00000000 08:05 65408                      /var/cache/fontconfig/3047814df9a2f067bd2d96a2b9c36e5a-le64.cache-4
7fdcd0008000-7fdcd006b000 rw-p 00000000 00:00 0 
7fdcd006b000-7fdcd022b000 r--s 039ea000 08:05 303546                     /usr/lib/jvm/java-7-oracle/jre/lib/rt.jar
7fdcd022b000-7fdcd08f9000 rw-p 00000000 00:00 0 
7fdcd08f9000-7fdcd08fa000 ---p 00000000 00:00 0 
7fdcd08fa000-7fdcd09fa000 rw-p 00000000 00:00 0                          [stack:4621]
7fdcd09fa000-7fdcd09fb000 ---p 00000000 00:00 0 
7fdcd09fb000-7fdcd0afb000 rw-p 00000000 00:00 0                          [stack:4620]
7fdcd0afb000-7fdcd0afc000 ---p 00000000 00:00 0 
7fdcd0afc000-7fdcd0bfc000 rw-p 00000000 00:00 0                          [stack:4619]
7fdcd0bfc000-7fdcd0bfd000 ---p 00000000 00:00 0 
7fdcd0bfd000-7fdcd0cfd000 rw-p 00000000 00:00 0                          [stack:4618]
7fdcd0cfd000-7fdcd0cfe000 ---p 00000000 00:00 0 
7fdcd0cfe000-7fdcd0dfe000 rw-p 00000000 00:00 0                          [stack:4617]
7fdcd0dfe000-7fdcd0dff000 ---p 00000000 00:00 0 
7fdcd0dff000-7fdcd0eff000 rw-p 00000000 00:00 0                          [stack:4616]
7fdcd0eff000-7fdcd0f00000 ---p 00000000 00:00 0 
7fdcd0f00000-7fdcd1000000 rw-p 00000000 00:00 0                          [stack:4615]
7fdcd1000000-7fdcd1270000 rwxp 00000000 00:00 0 
7fdcd1270000-7fdcd41bc000 rw-p 00000000 00:00 0 
7fdcd41bc000-7fdcd8000000 ---p 00000000 00:00 0 
7fdcd8000000-7fdcd8001000 r--s 00000000 08:05 65424                      /var/cache/fontconfig/4794a0821666d79190d59a36cb4f44b5-le64.cache-4
7fdcd8001000-7fdcd8002000 r--s 00000000 08:05 65404                      /var/cache/fontconfig/56cf4f4769d0f4abc89a4895d7bd3ae1-le64.cache-4
7fdcd8002000-7fdcd800f000 r--s 00000000 08:05 57728                      /var/cache/fontconfig/8f02d4cb045bd6ce15663e43f347c9f8-le64.cache-4
7fdcd800f000-7fdcd80be000 rw-p 00000000 00:00 0 
7fdcd80be000-7fdcd80bf000 ---p 00000000 00:00 0 
7fdcd80bf000-7fdcd81ca000 rw-p 00000000 00:00 0                          [stack:4614]
7fdcd81ca000-7fdcd81e8000 rw-p 00000000 00:00 0 
7fdcd81e8000-7fdcd8226000 rw-p 00000000 00:00 0 
7fdcd8226000-7fdcd85cb000 rw-p 00000000 00:00 0 
7fdcd85cb000-7fdcd85d6000 rw-p 00000000 00:00 0 
7fdcd85d6000-7fdcd85f4000 rw-p 00000000 00:00 0 
7fdcd85f4000-7fdcd8632000 rw-p 00000000 00:00 0 
7fdcd8632000-7fdcd89d6000 rw-p 00000000 00:00 0 
7fdcd89d6000-7fdcd89f6000 rw-p 00000000 00:00 0 
7fdcd89f6000-7fdcd8bc8000 rw-p 00000000 00:00 0 
7fdcd8bc8000-7fdcd8bc9000 rw-p 00000000 00:00 0 
7fdcd8bc9000-7fdcd8be3000 r-xp 00000000 08:05 342910                     /usr/lib/jvm/java-7-oracle/jre/lib/amd64/libzip.so
7fdcd8be3000-7fdcd8de3000 ---p 0001a000 08:05 342910                     /usr/lib/jvm/java-7-oracle/jre/lib/amd64/libzip.so
7fdcd8de3000-7fdcd8de4000 rw-p 0001a000 08:05 342910                     /usr/lib/jvm/java-7-oracle/jre/lib/amd64/libzip.so
7fdcd8de4000-7fdcd8de7000 r-xp 00000000 08:05 55024                      /opt/pbis/lib/libuuid.so.0.0.0
7fdcd8de7000-7fdcd8ee6000 ---p 00003000 08:05 55024                      /opt/pbis/lib/libuuid.so.0.0.0
7fdcd8ee6000-7fdcd8ee7000 rw-p 00002000 08:05 55024                      /opt/pbis/lib/libuuid.so.0.0.0
7fdcd8ee7000-7fdcd8f73000 r-xp 00000000 08:05 55020                      /opt/pbis/lib/liblwbase_nothr.so.0.0.0
7fdcd8f73000-7fdcd9072000 ---p 0008c000 08:05 55020                      /opt/pbis/lib/liblwbase_nothr.so.0.0.0
7fdcd9072000-7fdcd909e000 rw-p 0008b000 08:05 55020                      /opt/pbis/lib/liblwbase_nothr.so.0.0.0
7fdcd909e000-7fdcd90a0000 rw-p 00000000 00:00 0 
7fdcd90a0000-7fdcd90c5000 r-xp 00000000 08:05 55051                      /opt/pbis/lib/liblsacommon.so.0.0.0
7fdcd90c5000-7fdcd91c5000 ---p 00025000 08:05 55051                      /opt/pbis/lib/liblsacommon.so.0.0.0
7fdcd91c5000-7fdcd91d1000 rw-p 00025000 08:05 55051                      /opt/pbis/lib/liblsacommon.so.0.0.0
7fdcd91d1000-7fdcd91fa000 r-xp 00000000 08:05 55059                      /opt/pbis/lib/liblwadvapi_nothr.so.0.0.0
7fdcd91fa000-7fdcd92fa000 ---p 00029000 08:05 55059                      /opt/pbis/lib/liblwadvapi_nothr.so.0.0.0
7fdcd92fa000-7fdcd9302000 rw-p 00029000 08:05 55059                      /opt/pbis/lib/liblwadvapi_nothr.so.0.0.0
7fdcd9302000-7fdcd9320000 r-xp 00000000 08:05 55015                      /opt/pbis/lib/liblwmsg_nothr.so.0.0.0
7fdcd9320000-7fdcd941f000 ---p 0001e000 08:05 55015                      /opt/pbis/lib/liblwmsg_nothr.so.0.0.0
7fdcd941f000-7fdcd9422000 rw-p 0001d000 08:05 55015                      /opt/pbis/lib/liblwmsg_nothr.so.0.0.0
7fdcd9422000-7fdcd9425000 r-xp 00000000 08:05 54988                      /opt/pbis/lib/liblsaauth.so.0.0.0
7fdcd9425000-7fdcd9524000 ---p 00003000 08:05 54988                      /opt/pbis/lib/liblsaauth.so.0.0.0
7fdcd9524000-7fdcd9525000 rw-p 00002000 08:05 54988                      /opt/pbis/lib/liblsaauth.so.0.0.0
7fdcd9525000-7fdcd9541000 r-xp 00000000 08:05 55065                      /opt/pbis/lib/liblsaclient.so.0.0.0
7fdcd9541000-7fdcd9641000 ---p 0001c000 08:05 55065                      /opt/pbis/lib/liblsaclient.so.0.0.0
7fdcd9641000-7fdcd9642000 rw-p 0001c000 08:05 55065                      /opt/pbis/lib/liblsaclient.so.0.0.0
7fdcd9642000-7fdcd9647000 r-xp 00000000 08:05 83107                      /lib/libnss_lsass.so.2
7fdcd9647000-7fdcd9747000 ---p 00005000 08:05 83107                      /lib/libnss_lsass.so.2
7fdcd9747000-7fdcd9748000 rw-p 00005000 08:05 83107                      /lib/libnss_lsass.so.2
7fdcd9748000-7fdcd9753000 r-xp 00000000 08:05 85507                      /lib/x86_64-linux-gnu/libnss_files-2.19.so
7fdcd9753000-7fdcd9952000 ---p 0000b000 08:05 85507                      /lib/x86_64-linux-gnu/libnss_files-2.19.so
7fdcd9952000-7fdcd9953000 r--p 0000a000 08:05 85507                      /lib/x86_64-linux-gnu/libnss_files-2.19.so
7fdcd9953000-7fdcd9954000 rw-p 0000b000 08:05 85507                      /lib/x86_64-linux-gnu/libnss_files-2.19.so
7fdcd9954000-7fdcd995f000 r-xp 00000000 08:05 85514                      /lib/x86_64-linux-gnu/libnss_nis-2.19.so
7fdcd995f000-7fdcd9b5e000 ---p 0000b000 08:05 85514                      /lib/x86_64-linux-gnu/libnss_nis-2.19.so
7fdcd9b5e000-7fdcd9b5f000 r--p 0000a000 08:05 85514                      /lib/x86_64-linux-gnu/libnss_nis-2.19.so
7fdcd9b5f000-7fdcd9b60000 rw-p 0000b000 08:05 85514                      /lib/x86_64-linux-gnu/libnss_nis-2.19.so
7fdcd9b60000-7fdcd9b77000 r-xp 00000000 08:05 85488                      /lib/x86_64-linux-gnu/libnsl-2.19.so
7fdcd9b77000-7fdcd9d76000 ---p 00017000 08:05 85488                      /lib/x86_64-linux-gnu/libnsl-2.19.so
7fdcd9d76000-7fdcd9d77000 r--p 00016000 08:05 85488                      /lib/x86_64-linux-gnu/libnsl-2.19.so
7fdcd9d77000-7fdcd9d78000 rw-p 00017000 08:05 85488                      /lib/x86_64-linux-gnu/libnsl-2.19.so
7fdcd9d78000-7fdcd9d7a000 rw-p 00000000 00:00 0 
7fdcd9d7a000-7fdcd9d83000 r-xp 00000000 08:05 85511                      /lib/x86_64-linux-gnu/libnss_compat-2.19.so
7fdcd9d83000-7fdcd9f82000 ---p 00009000 08:05 85511                      /lib/x86_64-linux-gnu/libnss_compat-2.19.so
7fdcd9f82000-7fdcd9f83000 r--p 00008000 08:05 85511                      /lib/x86_64-linux-gnu/libnss_compat-2.19.so
7fdcd9f83000-7fdcd9f84000 rw-p 00009000 08:05 85511                      /lib/x86_64-linux-gnu/libnss_compat-2.19.so
7fdcd9f84000-7fdcda4ed000 r--p 00000000 08:05 100171                     /usr/lib/locale/locale-archive
7fdcda4ed000-7fdcda4f0000 r-xp 00000000 08:05 342902                     /usr/lib/jvm/java-7-oracle/jre/lib/amd64/libnpt.so
7fdcda4f0000-7fdcda6ef000 ---p 00003000 08:05 342902                     /usr/lib/jvm/java-7-oracle/jre/lib/amd64/libnpt.so
7fdcda6ef000-7fdcda6f0000 rw-p 00002000 08:05 342902                     /usr/lib/jvm/java-7-oracle/jre/lib/amd64/libnpt.so
7fdcda6f0000-7fdcda729000 r-xp 00000000 08:05 342900                     /usr/lib/jvm/java-7-oracle/jre/lib/amd64/libjdwp.so
7fdcda729000-7fdcda929000 ---p 00039000 08:05 342900                     /usr/lib/jvm/java-7-oracle/jre/lib/amd64/libjdwp.so
7fdcda929000-7fdcda92a000 rw-p 00039000 08:05 342900                     /usr/lib/jvm/java-7-oracle/jre/lib/amd64/libjdwp.so
7fdcda92a000-7fdcda92b000 rw-p 00000000 00:00 0 
7fdcda92b000-7fdcda954000 r-xp 00000000 08:05 342887                     /usr/lib/jvm/java-7-oracle/jre/lib/amd64/libjava.so
7fdcda954000-7fdcdab54000 ---p 00029000 08:05 342887                     /usr/lib/jvm/java-7-oracle/jre/lib/amd64/libjava.so
7fdcdab54000-7fdcdab56000 rw-p 00029000 08:05 342887                     /usr/lib/jvm/java-7-oracle/jre/lib/amd64/libjava.so
7fdcdab56000-7fdcdab63000 r-xp 00000000 08:05 342897                     /usr/lib/jvm/java-7-oracle/jre/lib/amd64/libverify.so
7fdcdab63000-7fdcdad62000 ---p 0000d000 08:05 342897                     /usr/lib/jvm/java-7-oracle/jre/lib/amd64/libverify.so
7fdcdad62000-7fdcdad64000 rw-p 0000c000 08:05 342897                     /usr/lib/jvm/java-7-oracle/jre/lib/amd64/libverify.so
7fdcdad64000-7fdcdad6b000 r-xp 00000000 08:05 85517                      /lib/x86_64-linux-gnu/librt-2.19.so
7fdcdad6b000-7fdcdaf6a000 ---p 00007000 08:05 85517                      /lib/x86_64-linux-gnu/librt-2.19.so
7fdcdaf6a000-7fdcdaf6b000 r--p 00006000 08:05 85517                      /lib/x86_64-linux-gnu/librt-2.19.so
7fdcdaf6b000-7fdcdaf6c000 rw-p 00007000 08:05 85517                      /lib/x86_64-linux-gnu/librt-2.19.so
7fdcdaf6c000-7fdcdb071000 r-xp 00000000 08:05 83533                      /lib/x86_64-linux-gnu/libm-2.19.so
7fdcdb071000-7fdcdb270000 ---p 00105000 08:05 83533                      /lib/x86_64-linux-gnu/libm-2.19.so
7fdcdb270000-7fdcdb271000 r--p 00104000 08:05 83533                      /lib/x86_64-linux-gnu/libm-2.19.so
7fdcdb271000-7fdcdb272000 rw-p 00105000 08:05 83533                      /lib/x86_64-linux-gnu/libm-2.19.so
7fdcdb272000-7fdcdbde5000 r-xp 00000000 08:05 342912                     /usr/lib/jvm/java-7-oracle/jre/lib/amd64/server/libjvm.so
7fdcdbde5000-7fdcdbfe4000 ---p 00b73000 08:05 342912                     /usr/lib/jvm/java-7-oracle/jre/lib/amd64/server/libjvm.so
7fdcdbfe4000-7fdcdc0a8000 rw-p 00b72000 08:05 342912                     /usr/lib/jvm/java-7-oracle/jre/lib/amd64/server/libjvm.so
7fdcdc0a8000-7fdcdc0e9000 rw-p 00000000 00:00 0 
7fdcdc0e9000-7fdcdc2a4000 r-xp 00000000 08:05 85515                      /lib/x86_64-linux-gnu/libc-2.19.so
7fdcdc2a4000-7fdcdc4a4000 ---p 001bb000 08:05 85515                      /lib/x86_64-linux-gnu/libc-2.19.so
7fdcdc4a4000-7fdcdc4a8000 r--p 001bb000 08:05 85515                      /lib/x86_64-linux-gnu/libc-2.19.so
7fdcdc4a8000-7fdcdc4aa000 rw-p 001bf000 08:05 85515                      /lib/x86_64-linux-gnu/libc-2.19.so
7fdcdc4aa000-7fdcdc4af000 rw-p 00000000 00:00 0 
7fdcdc4af000-7fdcdc4b2000 r-xp 00000000 08:05 85509                      /lib/x86_64-linux-gnu/libdl-2.19.so
7fdcdc4b2000-7fdcdc6b1000 ---p 00003000 08:05 85509                      /lib/x86_64-linux-gnu/libdl-2.19.so
7fdcdc6b1000-7fdcdc6b2000 r--p 00002000 08:05 85509                      /lib/x86_64-linux-gnu/libdl-2.19.so
7fdcdc6b2000-7fdcdc6b3000 rw-p 00003000 08:05 85509                      /lib/x86_64-linux-gnu/libdl-2.19.so
7fdcdc6b3000-7fdcdc6c9000 r-xp 00000000 08:05 342904                     /usr/lib/jvm/java-7-oracle/jre/lib/amd64/jli/libjli.so
7fdcdc6c9000-7fdcdc8c9000 ---p 00016000 08:05 342904                     /usr/lib/jvm/java-7-oracle/jre/lib/amd64/jli/libjli.so
7fdcdc8c9000-7fdcdc8ca000 rw-p 00016000 08:05 342904                     /usr/lib/jvm/java-7-oracle/jre/lib/amd64/jli/libjli.so
7fdcdc8ca000-7fdcdc8e3000 r-xp 00000000 08:05 85504                      /lib/x86_64-linux-gnu/libpthread-2.19.so
7fdcdc8e3000-7fdcdcae2000 ---p 00019000 08:05 85504                      /lib/x86_64-linux-gnu/libpthread-2.19.so
7fdcdcae2000-7fdcdcae3000 r--p 00018000 08:05 85504                      /lib/x86_64-linux-gnu/libpthread-2.19.so
7fdcdcae3000-7fdcdcae4000 rw-p 00019000 08:05 85504                      /lib/x86_64-linux-gnu/libpthread-2.19.so
7fdcdcae4000-7fdcdcae8000 rw-p 00000000 00:00 0 
7fdcdcae8000-7fdcdcb0b000 r-xp 00000000 08:05 85512                      /lib/x86_64-linux-gnu/ld-2.19.so
7fdcdcb0b000-7fdcdcb0c000 r--s 00000000 08:05 65399                      /var/cache/fontconfig/b9d506c9ac06c20b433354fa67a72993-le64.cache-4
7fdcdcb0c000-7fdcdcb12000 r--s 00000000 08:05 65389                      /var/cache/fontconfig/b47c4e1ecd0709278f4910c18777a504-le64.cache-4
7fdcdcb12000-7fdcdcb26000 r--s 0014f000 08:05 349732                     /usr/share/bluej/bluejcore.jar
7fdcdcb26000-7fdcdcb30000 rw-p 00000000 00:00 0 
7fdcdcb30000-7fdcdcbe6000 rw-p 00000000 00:00 0 
7fdcdcbe6000-7fdcdcbe9000 ---p 00000000 00:00 0 
7fdcdcbe9000-7fdcdcceb000 rw-p 00000000 00:00 0                          [stack:4613]
7fdcdcceb000-7fdcdccee000 r--s 00000000 08:05 65387                      /var/cache/fontconfig/e49e89034d371f0f9de17aab02136486-le64.cache-4
7fdcdccee000-7fdcdccf0000 r--s 00000000 08:05 65372                      /var/cache/fontconfig/4b14b093aebc79c320de5e86ae1d3314-le64.cache-4
7fdcdccf0000-7fdcdccf1000 r--s 00000000 08:05 65352                      /var/cache/fontconfig/0c9eb80ebd1c36541ebe2852d3bb0c49-le64.cache-4
7fdcdccf1000-7fdcdccf5000 r--s 00000000 08:05 60833                      /var/cache/fontconfig/7ef2298fde41cc6eeb7af42e48b7d293-le64.cache-4
7fdcdccf5000-7fdcdccf7000 r--s 00000000 08:05 57729                      /var/cache/fontconfig/16326683038b281783a0ef8c680e3a10-le64.cache-4
7fdcdccf7000-7fdcdccf8000 r--s 00000000 08:05 57722                      /var/cache/fontconfig/e0aa53bcfa504e64f87823c16bc01eb6-le64.cache-4
7fdcdccf8000-7fdcdccfe000 r--s 00034000 08:05 349589                     /usr/share/bluej/junit-4.8.2.jar
7fdcdccfe000-7fdcdcd06000 rw-s 00000000 08:05 3805718                    /tmp/hsperfdata_2105684/4610
7fdcdcd06000-7fdcdcd07000 rw-p 00000000 00:00 0 
7fdcdcd07000-7fdcdcd08000 r--p 00000000 00:00 0 
7fdcdcd08000-7fdcdcd0a000 rw-p 00000000 00:00 0 
7fdcdcd0a000-7fdcdcd0b000 r--p 00022000 08:05 85512                      /lib/x86_64-linux-gnu/ld-2.19.so
7fdcdcd0b000-7fdcdcd0c000 rw-p 00023000 08:05 85512                      /lib/x86_64-linux-gnu/ld-2.19.so
7fdcdcd0c000-7fdcdcd0d000 rw-p 00000000 00:00 0 
7fff1b517000-7fff1b538000 rw-p 00000000 00:00 0                          [stack]
7fff1b5ae000-7fff1b5b0000 r-xp 00000000 00:00 0                          [vdso]
ffffffffff600000-ffffffffff601000 r-xp 00000000 00:00 0                  [vsyscall]

VM Arguments:
jvm_args: -ea -Djavafx.macosx.embedded=true -agentlib:jdwp=transport=dt_socket,address=127.0.0.1:41018 
java_command: bluej.runtime.ExecServer UTF-8
Launcher Type: SUN_STANDARD

Environment Variables:
JAVA_HOME=/usr/lib/jvm/java-8-oracle
PATH=/usr/local/sbin:/usr/local/bin:/usr/sbin:/usr/bin:/sbin:/bin:/usr/games:/usr/local/games:/usr/lib/jvm/java-8-oracle/bin:/usr/lib/jvm/java-8-oracle/db/bin:/usr/lib/jvm/java-8-oracle/jre/bin
SHELL=/bin/bash
DISPLAY=:0.0

Signal Handlers:
SIGSEGV: [libjvm.so+0x9a1a10], sa_mask[0]=0x7ffbfeff, sa_flags=0x10000004
SIGBUS: [libjvm.so+0x9a1a10], sa_mask[0]=0x7ffbfeff, sa_flags=0x10000004
SIGFPE: [libjvm.so+0x81bae0], sa_mask[0]=0x7ffbfeff, sa_flags=0x10000004
SIGPIPE: [libjvm.so+0x81bae0], sa_mask[0]=0x7ffbfeff, sa_flags=0x10000004
SIGXFSZ: [libjvm.so+0x81bae0], sa_mask[0]=0x7ffbfeff, sa_flags=0x10000004
SIGILL: [libjvm.so+0x81bae0], sa_mask[0]=0x7ffbfeff, sa_flags=0x10000004
SIGUSR1: SIG_DFL, sa_mask[0]=0x00000000, sa_flags=0x00000000
SIGUSR2: [libjvm.so+0x81d2e0], sa_mask[0]=0x00000004, sa_flags=0x10000004
SIGHUP: [libjvm.so+0x81e400], sa_mask[0]=0x7ffbfeff, sa_flags=0x10000004
SIGINT: [libjvm.so+0x81e400], sa_mask[0]=0x7ffbfeff, sa_flags=0x10000004
SIGTERM: [libjvm.so+0x81e400], sa_mask[0]=0x7ffbfeff, sa_flags=0x10000004
SIGQUIT: [libjvm.so+0x81e400], sa_mask[0]=0x7ffbfeff, sa_flags=0x10000004


---------------  S Y S T E M  ---------------

OS:jessie/sid

uname:Linux 3.13.0-43-generic #72-Ubuntu SMP Mon Dec 8 19:35:06 UTC 2014 x86_64
libc:glibc 2.19 NPTL 2.19 
rlimit: STACK 8192k, CORE 0k, NPROC 95260, NOFILE 4096, AS infinity
load average:0,00 0,02 0,05

/proc/meminfo:
MemTotal:       12214940 kB
MemFree:         8626568 kB
Buffers:          455468 kB
Cached:          1084492 kB
SwapCached:            0 kB
Active:          2010604 kB
Inactive:         722848 kB
Active(anon):    1195280 kB
Inactive(anon):   205916 kB
Active(file):     815324 kB
Inactive(file):   516932 kB
Unevictable:          32 kB
Mlocked:              32 kB
SwapTotal:             0 kB
SwapFree:              0 kB
Dirty:                92 kB
Writeback:             0 kB
AnonPages:       1193504 kB
Mapped:           262540 kB
Shmem:            207708 kB
Slab:             712100 kB
SReclaimable:     675364 kB
SUnreclaim:        36736 kB
KernelStack:        6000 kB
PageTables:        28352 kB
NFS_Unstable:          0 kB
Bounce:                0 kB
WritebackTmp:          0 kB
CommitLimit:     6107468 kB
Committed_AS:    5591540 kB
VmallocTotal:   34359738367 kB
VmallocUsed:      370172 kB
VmallocChunk:   34359358464 kB
HardwareCorrupted:     0 kB
AnonHugePages:    749568 kB
HugePages_Total:       0
HugePages_Free:        0
HugePages_Rsvd:        0
HugePages_Surp:        0
Hugepagesize:       2048 kB
DirectMap4k:       73636 kB
DirectMap2M:     1933312 kB
DirectMap1G:    10485760 kB


CPU:total 8 (4 cores per cpu, 2 threads per core) family 6 model 60 stepping 3, cmov, cx8, fxsr, mmx, sse, sse2, sse3, ssse3, sse4.1, sse4.2, popcnt, avx, avx2, aes, erms, ht, tsc, tscinvbit

/proc/cpuinfo:
processor	: 0
vendor_id	: GenuineIntel
cpu family	: 6
model		: 60
model name	: Intel(R) Core(TM) i7-4770 CPU @ 3.40GHz
stepping	: 3
microcode	: 0x17
cpu MHz		: 1700.000
cache size	: 8192 KB
physical id	: 0
siblings	: 8
core id		: 0
cpu cores	: 4
apicid		: 0
initial apicid	: 0
fpu		: yes
fpu_exception	: yes
cpuid level	: 13
wp		: yes
flags		: fpu vme de pse tsc msr pae mce cx8 apic sep mtrr pge mca cmov pat pse36 clflush dts acpi mmx fxsr sse sse2 ss ht tm pbe syscall nx pdpe1gb rdtscp lm constant_tsc arch_perfmon pebs bts rep_good nopl xtopology nonstop_tsc aperfmperf eagerfpu pni pclmulqdq dtes64 monitor ds_cpl vmx smx est tm2 ssse3 fma cx16 xtpr pdcm pcid sse4_1 sse4_2 x2apic movbe popcnt tsc_deadline_timer aes xsave avx f16c rdrand lahf_lm abm ida arat epb xsaveopt pln pts dtherm tpr_shadow vnmi flexpriority ept vpid fsgsbase tsc_adjust bmi1 hle avx2 smep bmi2 erms invpcid rtm
bogomips	: 6784.44
clflush size	: 64
cache_alignment	: 64
address sizes	: 39 bits physical, 48 bits virtual
power management:

processor	: 1
vendor_id	: GenuineIntel
cpu family	: 6
model		: 60
model name	: Intel(R) Core(TM) i7-4770 CPU @ 3.40GHz
stepping	: 3
microcode	: 0x17
cpu MHz		: 3000.000
cache size	: 8192 KB
physical id	: 0
siblings	: 8
core id		: 1
cpu cores	: 4
apicid		: 2
initial apicid	: 2
fpu		: yes
fpu_exception	: yes
cpuid level	: 13
wp		: yes
flags		: fpu vme de pse tsc msr pae mce cx8 apic sep mtrr pge mca cmov pat pse36 clflush dts acpi mmx fxsr sse sse2 ss ht tm pbe syscall nx pdpe1gb rdtscp lm constant_tsc arch_perfmon pebs bts rep_good nopl xtopology nonstop_tsc aperfmperf eagerfpu pni pclmulqdq dtes64 monitor ds_cpl vmx smx est tm2 ssse3 fma cx16 xtpr pdcm pcid sse4_1 sse4_2 x2apic movbe popcnt tsc_deadline_timer aes xsave avx f16c rdrand lahf_lm abm ida arat epb xsaveopt pln pts dtherm tpr_shadow vnmi flexpriority ept vpid fsgsbase tsc_adjust bmi1 hle avx2 smep bmi2 erms invpcid rtm
bogomips	: 6784.44
clflush size	: 64
cache_alignment	: 64
address sizes	: 39 bits physical, 48 bits virtual
power management:

processor	: 2
vendor_id	: GenuineIntel
cpu family	: 6
model		: 60
model name	: Intel(R) Core(TM) i7-4770 CPU @ 3.40GHz
stepping	: 3
microcode	: 0x17
cpu MHz		: 2500.000
cache size	: 8192 KB
physical id	: 0
siblings	: 8
core id		: 2
cpu cores	: 4
apicid		: 4
initial apicid	: 4
fpu		: yes
fpu_exception	: yes
cpuid level	: 13
wp		: yes
flags		: fpu vme de pse tsc msr pae mce cx8 apic sep mtrr pge mca cmov pat pse36 clflush dts acpi mmx fxsr sse sse2 ss ht tm pbe syscall nx pdpe1gb rdtscp lm constant_tsc arch_perfmon pebs bts rep_good nopl xtopology nonstop_tsc aperfmperf eagerfpu pni pclmulqdq dtes64 monitor ds_cpl vmx smx est tm2 ssse3 fma cx16 xtpr pdcm pcid sse4_1 sse4_2 x2apic movbe popcnt tsc_deadline_timer aes xsave avx f16c rdrand lahf_lm abm ida arat epb xsaveopt pln pts dtherm tpr_shadow vnmi flexpriority ept vpid fsgsbase tsc_adjust bmi1 hle avx2 smep bmi2 erms invpcid rtm
bogomips	: 6784.44
clflush size	: 64
cache_alignment	: 64
address sizes	: 39 bits physical, 48 bits virtual
power management:

processor	: 3
vendor_id	: GenuineIntel
cpu family	: 6
model		: 60
model name	: Intel(R) Core(TM) i7-4770 CPU @ 3.40GHz
stepping	: 3
microcode	: 0x17
cpu MHz		: 800.000
cache size	: 8192 KB
physical id	: 0
siblings	: 8
core id		: 3
cpu cores	: 4
apicid		: 6
initial apicid	: 6
fpu		: yes
fpu_exception	: yes
cpuid level	: 13
wp		: yes
flags		: fpu vme de pse tsc msr pae mce cx8 apic sep mtrr pge mca cmov pat pse36 clflush dts acpi mmx fxsr sse sse2 ss ht tm pbe syscall nx pdpe1gb rdtscp lm constant_tsc arch_perfmon pebs bts rep_good nopl xtopology nonstop_tsc aperfmperf eagerfpu pni pclmulqdq dtes64 monitor ds_cpl vmx smx est tm2 ssse3 fma cx16 xtpr pdcm pcid sse4_1 sse4_2 x2apic movbe popcnt tsc_deadline_timer aes xsave avx f16c rdrand lahf_lm abm ida arat epb xsaveopt pln pts dtherm tpr_shadow vnmi flexpriority ept vpid fsgsbase tsc_adjust bmi1 hle avx2 smep bmi2 erms invpcid rtm
bogomips	: 6784.44
clflush size	: 64
cache_alignment	: 64
address sizes	: 39 bits physical, 48 bits virtual
power management:

processor	: 4
vendor_id	: GenuineIntel
cpu family	: 6
model		: 60
model name	: Intel(R) Core(TM) i7-4770 CPU @ 3.40GHz
stepping	: 3
microcode	: 0x17
cpu MHz		: 2700.000
cache size	: 8192 KB
physical id	: 0
siblings	: 8
core id		: 0
cpu cores	: 4
apicid		: 1
initial apicid	: 1
fpu		: yes
fpu_exception	: yes
cpuid level	: 13
wp		: yes
flags		: fpu vme de pse tsc msr pae mce cx8 apic sep mtrr pge mca cmov pat pse36 clflush dts acpi mmx fxsr sse sse2 ss ht tm pbe syscall nx pdpe1gb rdtscp lm constant_tsc arch_perfmon pebs bts rep_good nopl xtopology nonstop_tsc aperfmperf eagerfpu pni pclmulqdq dtes64 monitor ds_cpl vmx smx est tm2 ssse3 fma cx16 xtpr pdcm pcid sse4_1 sse4_2 x2apic movbe popcnt tsc_deadline_timer aes xsave avx f16c rdrand lahf_lm abm ida arat epb xsaveopt pln pts dtherm tpr_shadow vnmi flexpriority ept vpid fsgsbase tsc_adjust bmi1 hle avx2 smep bmi2 erms invpcid rtm
bogomips	: 6784.44
clflush size	: 64
cache_alignment	: 64
address sizes	: 39 bits physical, 48 bits virtual
power management:

processor	: 5
vendor_id	: GenuineIntel
cpu family	: 6
model		: 60
model name	: Intel(R) Core(TM) i7-4770 CPU @ 3.40GHz
stepping	: 3
microcode	: 0x17
cpu MHz		: 800.000
cache size	: 8192 KB
physical id	: 0
siblings	: 8
core id		: 1
cpu cores	: 4
apicid		: 3
initial apicid	: 3
fpu		: yes
fpu_exception	: yes
cpuid level	: 13
wp		: yes
flags		: fpu vme de pse tsc msr pae mce cx8 apic sep mtrr pge mca cmov pat pse36 clflush dts acpi mmx fxsr sse sse2 ss ht tm pbe syscall nx pdpe1gb rdtscp lm constant_tsc arch_perfmon pebs bts rep_good nopl xtopology nonstop_tsc aperfmperf eagerfpu pni pclmulqdq dtes64 monitor ds_cpl vmx smx est tm2 ssse3 fma cx16 xtpr pdcm pcid sse4_1 sse4_2 x2apic movbe popcnt tsc_deadline_timer aes xsave avx f16c rdrand lahf_lm abm ida arat epb xsaveopt pln pts dtherm tpr_shadow vnmi flexpriority ept vpid fsgsbase tsc_adjust bmi1 hle avx2 smep bmi2 erms invpcid rtm
bogomips	: 6784.44
clflush size	: 64
cache_alignment	: 64
address sizes	: 39 bits physical, 48 bits virtual
power management:

processor	: 6
vendor_id	: GenuineIntel
cpu family	: 6
model		: 60
model name	: Intel(R) Core(TM) i7-4770 CPU @ 3.40GHz
stepping	: 3
microcode	: 0x17
cpu MHz		: 2700.000
cache size	: 8192 KB
physical id	: 0
siblings	: 8
core id		: 2
cpu cores	: 4
apicid		: 5
initial apicid	: 5
fpu		: yes
fpu_exception	: yes
cpuid level	: 13
wp		: yes
flags		: fpu vme de pse tsc msr pae mce cx8 apic sep mtrr pge mca cmov pat pse36 clflush dts acpi mmx fxsr sse sse2 ss ht tm pbe syscall nx pdpe1gb rdtscp lm constant_tsc arch_perfmon pebs bts rep_good nopl xtopology nonstop_tsc aperfmperf eagerfpu pni pclmulqdq dtes64 monitor ds_cpl vmx smx est tm2 ssse3 fma cx16 xtpr pdcm pcid sse4_1 sse4_2 x2apic movbe popcnt tsc_deadline_timer aes xsave avx f16c rdrand lahf_lm abm ida arat epb xsaveopt pln pts dtherm tpr_shadow vnmi flexpriority ept vpid fsgsbase tsc_adjust bmi1 hle avx2 smep bmi2 erms invpcid rtm
bogomips	: 6784.44
clflush size	: 64
cache_alignment	: 64
address sizes	: 39 bits physical, 48 bits virtual
power management:

processor	: 7
vendor_id	: GenuineIntel
cpu family	: 6
model		: 60
model name	: Intel(R) Core(TM) i7-4770 CPU @ 3.40GHz
stepping	: 3
microcode	: 0x17
cpu MHz		: 800.000
cache size	: 8192 KB
physical id	: 0
siblings	: 8
core id		: 3
cpu cores	: 4
apicid		: 7
initial apicid	: 7
fpu		: yes
fpu_exception	: yes
cpuid level	: 13
wp		: yes
flags		: fpu vme de pse tsc msr pae mce cx8 apic sep mtrr pge mca cmov pat pse36 clflush dts acpi mmx fxsr sse sse2 ss ht tm pbe syscall nx pdpe1gb rdtscp lm constant_tsc arch_perfmon pebs bts rep_good nopl xtopology nonstop_tsc aperfmperf eagerfpu pni pclmulqdq dtes64 monitor ds_cpl vmx smx est tm2 ssse3 fma cx16 xtpr pdcm pcid sse4_1 sse4_2 x2apic movbe popcnt tsc_deadline_timer aes xsave avx f16c rdrand lahf_lm abm ida arat epb xsaveopt pln pts dtherm tpr_shadow vnmi flexpriority ept vpid fsgsbase tsc_adjust bmi1 hle avx2 smep bmi2 erms invpcid rtm
bogomips	: 6784.44
clflush size	: 64
cache_alignment	: 64
address sizes	: 39 bits physical, 48 bits virtual
power management:



Memory: 4k page, physical 12214940k(8626568k free), swap 0k(0k free)

vm_info: Java HotSpot(TM) 64-Bit Server VM (24.72-b04) for linux-amd64 JRE (1.7.0_72-b14), built on Sep 26 2014 18:20:41 by "java_re" with gcc 4.3.0 20080428 (Red Hat 4.3.0-8)

time: Fri Sep 25 08:28:13 2015
elapsed time: 4576 seconds

